{"/Users/wei.jie.leroy.chan/Documents/automatev2/lambda-nodejs-610/index.js":{"path":"/Users/wei.jie.leroy.chan/Documents/automatev2/lambda-nodejs-610/index.js","s":{"1":1,"2":1,"3":1,"4":1,"5":5,"6":5,"7":5,"8":1,"9":1,"10":1,"11":1,"12":1,"13":1,"14":1,"15":1,"16":1,"17":1,"18":0,"19":0,"20":0,"21":0,"22":0,"23":1,"24":1,"25":1,"26":1,"27":1,"28":1,"29":1,"30":1,"31":1,"32":1,"33":1,"34":1,"35":1,"36":1,"37":1,"38":1,"39":1,"40":1,"41":1,"42":1,"43":1,"44":0,"45":0,"46":1,"47":0,"48":0,"49":0,"50":0},"b":{"1":[1,1,1,1,1,0,0]},"f":{},"fnMap":{},"statementMap":{"1":{"start":{"line":4,"column":0},"end":{"line":4,"column":35}},"2":{"start":{"line":5,"column":0},"end":{"line":5,"column":46}},"3":{"start":{"line":6,"column":0},"end":{"line":6,"column":40}},"4":{"start":{"line":9,"column":0},"end":{"line":39,"column":1}},"5":{"start":{"line":10,"column":4},"end":{"line":38,"column":5}},"6":{"start":{"line":12,"column":8},"end":{"line":12,"column":42}},"7":{"start":{"line":13,"column":8},"end":{"line":34,"column":9}},"8":{"start":{"line":15,"column":16},"end":{"line":15,"column":40}},"9":{"start":{"line":16,"column":16},"end":{"line":16,"column":22}},"10":{"start":{"line":18,"column":16},"end":{"line":18,"column":40}},"11":{"start":{"line":19,"column":16},"end":{"line":19,"column":22}},"12":{"start":{"line":21,"column":16},"end":{"line":21,"column":43}},"13":{"start":{"line":22,"column":16},"end":{"line":22,"column":22}},"14":{"start":{"line":24,"column":16},"end":{"line":24,"column":43}},"15":{"start":{"line":25,"column":16},"end":{"line":25,"column":22}},"16":{"start":{"line":27,"column":16},"end":{"line":27,"column":43}},"17":{"start":{"line":28,"column":16},"end":{"line":28,"column":22}},"18":{"start":{"line":30,"column":16},"end":{"line":30,"column":47}},"19":{"start":{"line":31,"column":16},"end":{"line":31,"column":22}},"20":{"start":{"line":33,"column":16},"end":{"line":33,"column":102}},"21":{"start":{"line":36,"column":8},"end":{"line":36,"column":22}},"22":{"start":{"line":37,"column":8},"end":{"line":37,"column":84}},"23":{"start":{"line":42,"column":0},"end":{"line":58,"column":1}},"24":{"start":{"line":45,"column":1},"end":{"line":47,"column":2}},"25":{"start":{"line":57,"column":1},"end":{"line":57,"column":33}},"26":{"start":{"line":61,"column":0},"end":{"line":78,"column":1}},"27":{"start":{"line":64,"column":1},"end":{"line":64,"column":20}},"28":{"start":{"line":65,"column":1},"end":{"line":67,"column":2}},"29":{"start":{"line":77,"column":1},"end":{"line":77,"column":33}},"30":{"start":{"line":81,"column":0},"end":{"line":98,"column":1}},"31":{"start":{"line":84,"column":1},"end":{"line":84,"column":24}},"32":{"start":{"line":85,"column":1},"end":{"line":87,"column":2}},"33":{"start":{"line":97,"column":1},"end":{"line":97,"column":33}},"34":{"start":{"line":101,"column":0},"end":{"line":119,"column":1}},"35":{"start":{"line":104,"column":1},"end":{"line":104,"column":20}},"36":{"start":{"line":105,"column":1},"end":{"line":105,"column":24}},"37":{"start":{"line":106,"column":1},"end":{"line":108,"column":2}},"38":{"start":{"line":118,"column":1},"end":{"line":118,"column":33}},"39":{"start":{"line":122,"column":0},"end":{"line":139,"column":1}},"40":{"start":{"line":125,"column":1},"end":{"line":125,"column":20}},"41":{"start":{"line":126,"column":1},"end":{"line":128,"column":2}},"42":{"start":{"line":138,"column":1},"end":{"line":138,"column":33}},"43":{"start":{"line":142,"column":0},"end":{"line":151,"column":1}},"44":{"start":{"line":143,"column":2},"end":{"line":149,"column":4}},"45":{"start":{"line":150,"column":2},"end":{"line":150,"column":23}},"46":{"start":{"line":154,"column":0},"end":{"line":171,"column":1}},"47":{"start":{"line":156,"column":1},"end":{"line":164,"column":3}},"48":{"start":{"line":167,"column":1},"end":{"line":167,"column":40}},"49":{"start":{"line":168,"column":1},"end":{"line":168,"column":26}},"50":{"start":{"line":169,"column":1},"end":{"line":169,"column":29}}},"branchMap":{"1":{"line":13,"type":"switch","locations":[{"start":{"line":14,"column":12},"end":{"line":16,"column":22}},{"start":{"line":17,"column":12},"end":{"line":19,"column":22}},{"start":{"line":20,"column":12},"end":{"line":22,"column":22}},{"start":{"line":23,"column":12},"end":{"line":25,"column":22}},{"start":{"line":26,"column":12},"end":{"line":28,"column":22}},{"start":{"line":29,"column":12},"end":{"line":31,"column":22}},{"start":{"line":32,"column":12},"end":{"line":33,"column":102}}]}}}}