TN:
SF:/Users/wei.jie.leroy.chan/Documents/automatev2/lambda-nodejs-610/index.js
FNF:0
FNH:0
DA:4,1
DA:5,1
DA:6,1
DA:9,1
DA:10,5
DA:12,5
DA:13,5
DA:15,1
DA:16,1
DA:18,1
DA:19,1
DA:21,1
DA:22,1
DA:24,1
DA:25,1
DA:27,1
DA:28,1
DA:30,0
DA:31,0
DA:33,0
DA:36,0
DA:37,0
DA:42,1
DA:45,1
DA:57,1
DA:61,1
DA:64,1
DA:65,1
DA:77,1
DA:81,1
DA:84,1
DA:85,1
DA:97,1
DA:101,1
DA:104,1
DA:105,1
DA:106,1
DA:118,1
DA:122,1
DA:125,1
DA:126,1
DA:138,1
DA:142,1
DA:143,0
DA:150,0
DA:154,1
DA:156,0
DA:167,0
DA:168,0
DA:169,0
LF:50
LH:39
BRDA:13,1,0,1
BRDA:13,1,1,1
BRDA:13,1,2,1
BRDA:13,1,3,1
BRDA:13,1,4,1
BRDA:13,1,5,0
BRDA:13,1,6,0
BRF:7
BRH:5
end_of_record
